2012/12/25 17:18:03 [error] [exception.CException] exception 'CException' with message 'SiteController cannot find the requested view "about/admin".' in /home/content/61/9820061/html/yii/web/CController.php:879
Stack trace:
#0 /home/content/61/9820061/html/protected/views/site/about.php(32): CController->renderPartial('about/admin')
#1 /home/content/61/9820061/html/yii/web/CBaseController.php(127): require('/home/content/6...')
#2 /home/content/61/9820061/html/yii/web/CBaseController.php(96): CBaseController->renderInternal('/home/content/6...', Array, true)
#3 /home/content/61/9820061/html/yii/web/CController.php(870): CBaseController->renderFile('/home/content/6...', Array, true)
#4 /home/content/61/9820061/html/yii/web/CController.php(783): CController->renderPartial('about', Array, true)
#5 /home/content/61/9820061/html/protected/controllers/SiteController.php(70): CController->render('about', Array)
#6 [internal function]: SiteController->actionAbout('admin')
#7 /home/content/61/9820061/html/yii/web/actions/CAction.php(107): ReflectionMethod->invokeArgs(Object(SiteController), Array)
#8 /home/content/61/9820061/html/yii/web/actions/CInlineAction.php(48): CAction->runWithParamsInternal(Object(SiteController), Object(ReflectionMethod), Array)
#9 /home/content/61/9820061/html/yii/web/CController.php(309): CInlineAction->runWithParams(Array)
#10 /home/content/61/9820061/html/yii/web/CController.php(287): CController->runAction(Object(CInlineAction))
#11 /home/content/61/9820061/html/yii/web/CController.php(266): CController->runActionWithFilters(Object(CInlineAction), Array)
#12 /home/content/61/9820061/html/yii/web/CWebApplication.php(276): CController->run('about')
#13 /home/content/61/9820061/html/yii/web/CWebApplication.php(135): CWebApplication->runController('site/about')
#14 /home/content/61/9820061/html/yii/base/CApplication.php(162): CWebApplication->processRequest()
#15 /home/content/61/9820061/html/index.php(13): CApplication->run()
#16 {main}
REQUEST_URI=/about/admin
---
2012/12/25 17:18:08 [error] [exception.CHttpException.404] exception 'CHttpException' with message 'Unable to resolve the request "about/admin.php".' in /home/content/61/9820061/html/yii/web/CWebApplication.php:280
Stack trace:
#0 /home/content/61/9820061/html/yii/web/CWebApplication.php(135): CWebApplication->runController('about/admin.php')
#1 /home/content/61/9820061/html/yii/base/CApplication.php(162): CWebApplication->processRequest()
#2 /home/content/61/9820061/html/index.php(13): CApplication->run()
#3 {main}
REQUEST_URI=/about/admin.php
---
2012/12/25 17:18:16 [error] [exception.CHttpException.404] exception 'CHttpException' with message 'Unable to resolve the request "about/root.php".' in /home/content/61/9820061/html/yii/web/CWebApplication.php:280
Stack trace:
#0 /home/content/61/9820061/html/yii/web/CWebApplication.php(135): CWebApplication->runController('about/root.php')
#1 /home/content/61/9820061/html/yii/base/CApplication.php(162): CWebApplication->processRequest()
#2 /home/content/61/9820061/html/index.php(13): CApplication->run()
#3 {main}
REQUEST_URI=/about/root.php
---
2012/12/25 17:18:30 [error] [exception.CHttpException.404] exception 'CHttpException' with message 'Unable to resolve the request "~".' in /home/content/61/9820061/html/yii/web/CWebApplication.php:280
Stack trace:
#0 /home/content/61/9820061/html/yii/web/CWebApplication.php(135): CWebApplication->runController('~')
#1 /home/content/61/9820061/html/yii/base/CApplication.php(162): CWebApplication->processRequest()
#2 /home/content/61/9820061/html/index.php(13): CApplication->run()
#3 {main}
REQUEST_URI=/~
---
2012/12/25 17:18:34 [error] [exception.CHttpException.404] exception 'CHttpException' with message 'Unable to resolve the request "...".' in /home/content/61/9820061/html/yii/web/CWebApplication.php:280
Stack trace:
#0 /home/content/61/9820061/html/yii/web/CWebApplication.php(135): CWebApplication->runController('...')
#1 /home/content/61/9820061/html/yii/base/CApplication.php(162): CWebApplication->processRequest()
#2 /home/content/61/9820061/html/index.php(13): CApplication->run()
#3 {main}
REQUEST_URI=/...
---
2012/12/25 17:19:01 [error] [exception.CHttpException.404] exception 'CHttpException' with message 'Unable to resolve the request "sitemap.php".' in /home/content/61/9820061/html/yii/web/CWebApplication.php:280
Stack trace:
#0 /home/content/61/9820061/html/yii/web/CWebApplication.php(135): CWebApplication->runController('sitemap.php')
#1 /home/content/61/9820061/html/yii/base/CApplication.php(162): CWebApplication->processRequest()
#2 /home/content/61/9820061/html/index.php(13): CApplication->run()
#3 {main}
REQUEST_URI=/sitemap.php
---
2012/12/25 17:19:06 [error] [exception.CHttpException.404] exception 'CHttpException' with message 'Unable to resolve the request "siteMap.php".' in /home/content/61/9820061/html/yii/web/CWebApplication.php:280
Stack trace:
#0 /home/content/61/9820061/html/yii/web/CWebApplication.php(135): CWebApplication->runController('siteMap.php')
#1 /home/content/61/9820061/html/yii/base/CApplication.php(162): CWebApplication->processRequest()
#2 /home/content/61/9820061/html/index.php(13): CApplication->run()
#3 {main}
REQUEST_URI=/siteMap.php
---
2012/12/25 17:19:11 [error] [exception.CHttpException.404] exception 'CHttpException' with message 'Unable to resolve the request "SiteMap.php".' in /home/content/61/9820061/html/yii/web/CWebApplication.php:280
Stack trace:
#0 /home/content/61/9820061/html/yii/web/CWebApplication.php(135): CWebApplication->runController('SiteMap.php')
#1 /home/content/61/9820061/html/yii/base/CApplication.php(162): CWebApplication->processRequest()
#2 /home/content/61/9820061/html/index.php(13): CApplication->run()
#3 {main}
REQUEST_URI=/SiteMap.php
---
2012/12/25 17:19:14 [error] [exception.CHttpException.404] exception 'CHttpException' with message 'The system is unable to find the requested action "SiteMap".' in /home/content/61/9820061/html/yii/web/CController.php:484
Stack trace:
#0 /home/content/61/9820061/html/yii/web/CController.php(271): CController->missingAction('SiteMap')
#1 /home/content/61/9820061/html/yii/web/CWebApplication.php(276): CController->run('SiteMap')
#2 /home/content/61/9820061/html/yii/web/CWebApplication.php(135): CWebApplication->runController('site/SiteMap')
#3 /home/content/61/9820061/html/yii/base/CApplication.php(162): CWebApplication->processRequest()
#4 /home/content/61/9820061/html/index.php(13): CApplication->run()
#5 {main}
REQUEST_URI=/SiteMap
---
2012/12/25 17:19:26 [error] [exception.CHttpException.404] exception 'CHttpException' with message 'Unable to resolve the request "inDex.php".' in /home/content/61/9820061/html/yii/web/CWebApplication.php:280
Stack trace:
#0 /home/content/61/9820061/html/yii/web/CWebApplication.php(135): CWebApplication->runController('inDex.php')
#1 /home/content/61/9820061/html/yii/base/CApplication.php(162): CWebApplication->processRequest()
#2 /home/content/61/9820061/html/index.php(13): CApplication->run()
#3 {main}
REQUEST_URI=/inDex.php
---
2012/12/25 17:19:39 [error] [exception.CHttpException.404] exception 'CHttpException' with message 'The system is unable to find the requested action "event".' in /home/content/61/9820061/html/yii/web/CController.php:484
Stack trace:
#0 /home/content/61/9820061/html/yii/web/CController.php(271): CController->missingAction('event')
#1 /home/content/61/9820061/html/yii/web/CWebApplication.php(276): CController->run('event')
#2 /home/content/61/9820061/html/yii/web/CWebApplication.php(135): CWebApplication->runController('site/event')
#3 /home/content/61/9820061/html/yii/base/CApplication.php(162): CWebApplication->processRequest()
#4 /home/content/61/9820061/html/index.php(13): CApplication->run()
#5 {main}
REQUEST_URI=/event
---
2012/12/25 17:19:53 [error] [exception.CHttpException.404] exception 'CHttpException' with message 'The system is unable to find the requested action "1".' in /home/content/61/9820061/html/yii/web/CController.php:484
Stack trace:
#0 /home/content/61/9820061/html/yii/web/CController.php(271): CController->missingAction('1')
#1 /home/content/61/9820061/html/yii/web/CWebApplication.php(276): CController->run('1')
#2 /home/content/61/9820061/html/yii/web/CWebApplication.php(135): CWebApplication->runController('event/1/edit')
#3 /home/content/61/9820061/html/yii/base/CApplication.php(162): CWebApplication->processRequest()
#4 /home/content/61/9820061/html/index.php(13): CApplication->run()
#5 {main}
REQUEST_URI=/event/1/edit
---
2012/12/25 17:19:59 [error] [exception.CHttpException.404] exception 'CHttpException' with message 'The system is unable to find the requested action "1".' in /home/content/61/9820061/html/yii/web/CController.php:484
Stack trace:
#0 /home/content/61/9820061/html/yii/web/CController.php(271): CController->missingAction('1')
#1 /home/content/61/9820061/html/yii/web/CWebApplication.php(276): CController->run('1')
#2 /home/content/61/9820061/html/yii/web/CWebApplication.php(135): CWebApplication->runController('event/1/a')
#3 /home/content/61/9820061/html/yii/base/CApplication.php(162): CWebApplication->processRequest()
#4 /home/content/61/9820061/html/index.php(13): CApplication->run()
#5 {main}
REQUEST_URI=/event/1/a
---
2012/12/25 17:20:08 [error] [exception.CHttpException.404] exception 'CHttpException' with message 'The system is unable to find the requested action "1".' in /home/content/61/9820061/html/yii/web/CController.php:484
Stack trace:
#0 /home/content/61/9820061/html/yii/web/CController.php(271): CController->missingAction('1')
#1 /home/content/61/9820061/html/yii/web/CWebApplication.php(276): CController->run('1')
#2 /home/content/61/9820061/html/yii/web/CWebApplication.php(135): CWebApplication->runController('event/1/a')
#3 /home/content/61/9820061/html/yii/base/CApplication.php(162): CWebApplication->processRequest()
#4 /home/content/61/9820061/html/index.php(13): CApplication->run()
#5 {main}
REQUEST_URI=/event/1/a
---
2012/12/25 17:20:08 [error] [exception.CHttpException.404] exception 'CHttpException' with message 'The system is unable to find the requested action "1".' in /home/content/61/9820061/html/yii/web/CController.php:484
Stack trace:
#0 /home/content/61/9820061/html/yii/web/CController.php(271): CController->missingAction('1')
#1 /home/content/61/9820061/html/yii/web/CWebApplication.php(276): CController->run('1')
#2 /home/content/61/9820061/html/yii/web/CWebApplication.php(135): CWebApplication->runController('event/1/a')
#3 /home/content/61/9820061/html/yii/base/CApplication.php(162): CWebApplication->processRequest()
#4 /home/content/61/9820061/html/index.php(13): CApplication->run()
#5 {main}
REQUEST_URI=/event/1/a
---
2012/12/25 17:20:11 [error] [exception.CHttpException.404] exception 'CHttpException' with message 'The system is unable to find the requested action "1".' in /home/content/61/9820061/html/yii/web/CController.php:484
Stack trace:
#0 /home/content/61/9820061/html/yii/web/CController.php(271): CController->missingAction('1')
#1 /home/content/61/9820061/html/yii/web/CWebApplication.php(276): CController->run('1')
#2 /home/content/61/9820061/html/yii/web/CWebApplication.php(135): CWebApplication->runController('event/1/a')
#3 /home/content/61/9820061/html/yii/base/CApplication.php(162): CWebApplication->processRequest()
#4 /home/content/61/9820061/html/index.php(13): CApplication->run()
#5 {main}
REQUEST_URI=/event/1/a
---
2012/12/25 17:20:19 [error] [exception.CHttpException.404] exception 'CHttpException' with message 'The system is unable to find the requested action "j".' in /home/content/61/9820061/html/yii/web/CController.php:484
Stack trace:
#0 /home/content/61/9820061/html/yii/web/CController.php(271): CController->missingAction('j')
#1 /home/content/61/9820061/html/yii/web/CWebApplication.php(276): CController->run('j')
#2 /home/content/61/9820061/html/yii/web/CWebApplication.php(135): CWebApplication->runController('event/j')
#3 /home/content/61/9820061/html/yii/base/CApplication.php(162): CWebApplication->processRequest()
#4 /home/content/61/9820061/html/index.php(13): CApplication->run()
#5 {main}
REQUEST_URI=/event/j
---
2012/12/25 17:20:22 [error] [exception.CHttpException.404] exception 'CHttpException' with message 'The requested page does not exist.' in /home/content/61/9820061/html/protected/controllers/EventController.php:167
Stack trace:
#0 /home/content/61/9820061/html/protected/controllers/EventController.php(54): EventController->loadModel('90')
#1 [internal function]: EventController->actionView('90')
#2 /home/content/61/9820061/html/yii/web/actions/CAction.php(107): ReflectionMethod->invokeArgs(Object(EventController), Array)
#3 /home/content/61/9820061/html/yii/web/actions/CInlineAction.php(48): CAction->runWithParamsInternal(Object(EventController), Object(ReflectionMethod), Array)
#4 /home/content/61/9820061/html/yii/web/CController.php(309): CInlineAction->runWithParams(Array)
#5 /home/content/61/9820061/html/yii/web/filters/CFilterChain.php(134): CController->runAction(Object(CInlineAction))
#6 /home/content/61/9820061/html/yii/web/filters/CFilter.php(41): CFilterChain->run()
#7 /home/content/61/9820061/html/yii/web/CController.php(1146): CFilter->filter(Object(CFilterChain))
#8 /home/content/61/9820061/html/yii/web/filters/CInlineFilter.php(59): CController->filterAccessControl(Object(CFilterChain))
#9 /home/content/61/9820061/html/yii/web/filters/CFilterChain.php(131): CInlineFilter->filter(Object(CFilterChain))
#10 /home/content/61/9820061/html/yii/web/CController.php(292): CFilterChain->run()
#11 /home/content/61/9820061/html/yii/web/CController.php(266): CController->runActionWithFilters(Object(CInlineAction), Array)
#12 /home/content/61/9820061/html/yii/web/CWebApplication.php(276): CController->run('view')
#13 /home/content/61/9820061/html/yii/web/CWebApplication.php(135): CWebApplication->runController('event/view')
#14 /home/content/61/9820061/html/yii/base/CApplication.php(162): CWebApplication->processRequest()
#15 /home/content/61/9820061/html/index.php(13): CApplication->run()
#16 {main}
REQUEST_URI=/event/90
---
2012/12/25 17:20:27 [error] [exception.CHttpException.404] exception 'CHttpException' with message 'The requested page does not exist.' in /home/content/61/9820061/html/protected/controllers/EventController.php:167
Stack trace:
#0 /home/content/61/9820061/html/protected/controllers/EventController.php(54): EventController->loadModel('9')
#1 [internal function]: EventController->actionView('9')
#2 /home/content/61/9820061/html/yii/web/actions/CAction.php(107): ReflectionMethod->invokeArgs(Object(EventController), Array)
#3 /home/content/61/9820061/html/yii/web/actions/CInlineAction.php(48): CAction->runWithParamsInternal(Object(EventController), Object(ReflectionMethod), Array)
#4 /home/content/61/9820061/html/yii/web/CController.php(309): CInlineAction->runWithParams(Array)
#5 /home/content/61/9820061/html/yii/web/filters/CFilterChain.php(134): CController->runAction(Object(CInlineAction))
#6 /home/content/61/9820061/html/yii/web/filters/CFilter.php(41): CFilterChain->run()
#7 /home/content/61/9820061/html/yii/web/CController.php(1146): CFilter->filter(Object(CFilterChain))
#8 /home/content/61/9820061/html/yii/web/filters/CInlineFilter.php(59): CController->filterAccessControl(Object(CFilterChain))
#9 /home/content/61/9820061/html/yii/web/filters/CFilterChain.php(131): CInlineFilter->filter(Object(CFilterChain))
#10 /home/content/61/9820061/html/yii/web/CController.php(292): CFilterChain->run()
#11 /home/content/61/9820061/html/yii/web/CController.php(266): CController->runActionWithFilters(Object(CInlineAction), Array)
#12 /home/content/61/9820061/html/yii/web/CWebApplication.php(276): CController->run('view')
#13 /home/content/61/9820061/html/yii/web/CWebApplication.php(135): CWebApplication->runController('event/view')
#14 /home/content/61/9820061/html/yii/base/CApplication.php(162): CWebApplication->processRequest()
#15 /home/content/61/9820061/html/index.php(13): CApplication->run()
#16 {main}
REQUEST_URI=/event/9
---
2012/12/25 17:20:28 [error] [exception.CHttpException.404] exception 'CHttpException' with message 'The requested page does not exist.' in /home/content/61/9820061/html/protected/controllers/EventController.php:167
Stack trace:
#0 /home/content/61/9820061/html/protected/controllers/EventController.php(54): EventController->loadModel('9')
#1 [internal function]: EventController->actionView('9')
#2 /home/content/61/9820061/html/yii/web/actions/CAction.php(107): ReflectionMethod->invokeArgs(Object(EventController), Array)
#3 /home/content/61/9820061/html/yii/web/actions/CInlineAction.php(48): CAction->runWithParamsInternal(Object(EventController), Object(ReflectionMethod), Array)
#4 /home/content/61/9820061/html/yii/web/CController.php(309): CInlineAction->runWithParams(Array)
#5 /home/content/61/9820061/html/yii/web/filters/CFilterChain.php(134): CController->runAction(Object(CInlineAction))
#6 /home/content/61/9820061/html/yii/web/filters/CFilter.php(41): CFilterChain->run()
#7 /home/content/61/9820061/html/yii/web/CController.php(1146): CFilter->filter(Object(CFilterChain))
#8 /home/content/61/9820061/html/yii/web/filters/CInlineFilter.php(59): CController->filterAccessControl(Object(CFilterChain))
#9 /home/content/61/9820061/html/yii/web/filters/CFilterChain.php(131): CInlineFilter->filter(Object(CFilterChain))
#10 /home/content/61/9820061/html/yii/web/CController.php(292): CFilterChain->run()
#11 /home/content/61/9820061/html/yii/web/CController.php(266): CController->runActionWithFilters(Object(CInlineAction), Array)
#12 /home/content/61/9820061/html/yii/web/CWebApplication.php(276): CController->run('view')
#13 /home/content/61/9820061/html/yii/web/CWebApplication.php(135): CWebApplication->runController('event/view')
#14 /home/content/61/9820061/html/yii/base/CApplication.php(162): CWebApplication->processRequest()
#15 /home/content/61/9820061/html/index.php(13): CApplication->run()
#16 {main}
REQUEST_URI=/event/9
---
2012/12/25 17:20:32 [error] [exception.CHttpException.404] exception 'CHttpException' with message 'The system is unable to find the requested action "-3".' in /home/content/61/9820061/html/yii/web/CController.php:484
Stack trace:
#0 /home/content/61/9820061/html/yii/web/CController.php(271): CController->missingAction('-3')
#1 /home/content/61/9820061/html/yii/web/CWebApplication.php(276): CController->run('-3')
#2 /home/content/61/9820061/html/yii/web/CWebApplication.php(135): CWebApplication->runController('event/-3')
#3 /home/content/61/9820061/html/yii/base/CApplication.php(162): CWebApplication->processRequest()
#4 /home/content/61/9820061/html/index.php(13): CApplication->run()
#5 {main}
REQUEST_URI=/event/-3
---
2012/12/25 17:20:44 [error] [exception.CHttpException.404] exception 'CHttpException' with message 'The system is unable to find the requested action "edit".' in /home/content/61/9820061/html/yii/web/CController.php:484
Stack trace:
#0 /home/content/61/9820061/html/yii/web/CController.php(271): CController->missingAction('edit')
#1 /home/content/61/9820061/html/yii/web/CWebApplication.php(276): CController->run('edit')
#2 /home/content/61/9820061/html/yii/web/CWebApplication.php(135): CWebApplication->runController('event/edit')
#3 /home/content/61/9820061/html/yii/base/CApplication.php(162): CWebApplication->processRequest()
#4 /home/content/61/9820061/html/index.php(13): CApplication->run()
#5 {main}
REQUEST_URI=/event/edit/1
---
2012/12/25 17:21:04 [error] [exception.CHttpException.404] exception 'CHttpException' with message 'Unable to resolve the request "robots.txt".' in /home/content/61/9820061/html/yii/web/CWebApplication.php:280
Stack trace:
#0 /home/content/61/9820061/html/yii/web/CWebApplication.php(135): CWebApplication->runController('robots.txt')
#1 /home/content/61/9820061/html/yii/base/CApplication.php(162): CWebApplication->processRequest()
#2 /home/content/61/9820061/html/index.php(13): CApplication->run()
#3 {main}
REQUEST_URI=/robots.txt
---
2012/12/25 17:21:23 [error] [exception.CHttpException.404] exception 'CHttpException' with message 'The system is unable to find the requested action "img".' in /home/content/61/9820061/html/yii/web/CController.php:484
Stack trace:
#0 /home/content/61/9820061/html/yii/web/CController.php(271): CController->missingAction('img')
#1 /home/content/61/9820061/html/yii/web/CWebApplication.php(276): CController->run('img')
#2 /home/content/61/9820061/html/yii/web/CWebApplication.php(135): CWebApplication->runController('event/img/event...')
#3 /home/content/61/9820061/html/yii/base/CApplication.php(162): CWebApplication->processRequest()
#4 /home/content/61/9820061/html/index.php(13): CApplication->run()
#5 {main}
REQUEST_URI=/event/img/events/xlounge.png
HTTP_REFERER=http://www.tedxguc.com/event/index
---
2012/12/25 17:21:37 [error] [exception.CHttpException.404] exception 'CHttpException' with message 'The system is unable to find the requested action "img".' in /home/content/61/9820061/html/yii/web/CController.php:484
Stack trace:
#0 /home/content/61/9820061/html/yii/web/CController.php(271): CController->missingAction('img')
#1 /home/content/61/9820061/html/yii/web/CWebApplication.php(276): CController->run('img')
#2 /home/content/61/9820061/html/yii/web/CWebApplication.php(135): CWebApplication->runController('event/img/event...')
#3 /home/content/61/9820061/html/yii/base/CApplication.php(162): CWebApplication->processRequest()
#4 /home/content/61/9820061/html/index.php(13): CApplication->run()
#5 {main}
REQUEST_URI=/event/img/events/xlounge.png
HTTP_REFERER=http://www.tedxguc.com/event/index
---
2012/12/25 17:22:21 [error] [exception.CHttpException.404] exception 'CHttpException' with message 'The system is unable to find the requested action "img".' in /home/content/61/9820061/html/yii/web/CController.php:484
Stack trace:
#0 /home/content/61/9820061/html/yii/web/CController.php(271): CController->missingAction('img')
#1 /home/content/61/9820061/html/yii/web/CWebApplication.php(276): CController->run('img')
#2 /home/content/61/9820061/html/yii/web/CWebApplication.php(135): CWebApplication->runController('event/img/event...')
#3 /home/content/61/9820061/html/yii/base/CApplication.php(162): CWebApplication->processRequest()
#4 /home/content/61/9820061/html/index.php(13): CApplication->run()
#5 {main}
REQUEST_URI=/event/img/events/xlounge.png
HTTP_REFERER=http://www.tedxguc.com/event/index
---
2012/12/25 17:22:27 [error] [exception.CHttpException.404] exception 'CHttpException' with message 'The system is unable to find the requested action "img".' in /home/content/61/9820061/html/yii/web/CController.php:484
Stack trace:
#0 /home/content/61/9820061/html/yii/web/CController.php(271): CController->missingAction('img')
#1 /home/content/61/9820061/html/yii/web/CWebApplication.php(276): CController->run('img')
#2 /home/content/61/9820061/html/yii/web/CWebApplication.php(135): CWebApplication->runController('event/img/event...')
#3 /home/content/61/9820061/html/yii/base/CApplication.php(162): CWebApplication->processRequest()
#4 /home/content/61/9820061/html/index.php(13): CApplication->run()
#5 {main}
REQUEST_URI=/event/img/events/xlounge.png
HTTP_REFERER=http://www.tedxguc.com/event/index
---
2012/12/25 17:22:32 [error] [exception.CHttpException.403] exception 'CHttpException' with message 'You are not authorized to perform this action.' in /home/content/61/9820061/html/yii/web/auth/CAccessControlFilter.php:157
Stack trace:
#0 /home/content/61/9820061/html/yii/web/auth/CAccessControlFilter.php(120): CAccessControlFilter->accessDenied(Object(CWebUser), 'You are not aut...')
#1 /home/content/61/9820061/html/yii/web/filters/CFilter.php(39): CAccessControlFilter->preFilter(Object(CFilterChain))
#2 /home/content/61/9820061/html/yii/web/CController.php(1146): CFilter->filter(Object(CFilterChain))
#3 /home/content/61/9820061/html/yii/web/filters/CInlineFilter.php(59): CController->filterAccessControl(Object(CFilterChain))
#4 /home/content/61/9820061/html/yii/web/filters/CFilterChain.php(131): CInlineFilter->filter(Object(CFilterChain))
#5 /home/content/61/9820061/html/yii/web/CController.php(292): CFilterChain->run()
#6 /home/content/61/9820061/html/yii/web/CController.php(266): CController->runActionWithFilters(Object(CInlineAction), Array)
#7 /home/content/61/9820061/html/yii/web/CWebApplication.php(276): CController->run('admin')
#8 /home/content/61/9820061/html/yii/web/CWebApplication.php(135): CWebApplication->runController('event/admin')
#9 /home/content/61/9820061/html/yii/base/CApplication.php(162): CWebApplication->processRequest()
#10 /home/content/61/9820061/html/index.php(13): CApplication->run()
#11 {main}
REQUEST_URI=/event/admin
HTTP_REFERER=http://www.tedxguc.com/event/index
---
2012/12/25 17:22:36 [error] [exception.CHttpException.404] exception 'CHttpException' with message 'The system is unable to find the requested action "img".' in /home/content/61/9820061/html/yii/web/CController.php:484
Stack trace:
#0 /home/content/61/9820061/html/yii/web/CController.php(271): CController->missingAction('img')
#1 /home/content/61/9820061/html/yii/web/CWebApplication.php(276): CController->run('img')
#2 /home/content/61/9820061/html/yii/web/CWebApplication.php(135): CWebApplication->runController('event/img/event...')
#3 /home/content/61/9820061/html/yii/base/CApplication.php(162): CWebApplication->processRequest()
#4 /home/content/61/9820061/html/index.php(13): CApplication->run()
#5 {main}
REQUEST_URI=/event/img/events/xlounge.png
HTTP_REFERER=http://www.tedxguc.com/event/index
---
2012/12/25 17:22:45 [error] [exception.CHttpException.404] exception 'CHttpException' with message 'The system is unable to find the requested action "img".' in /home/content/61/9820061/html/yii/web/CController.php:484
Stack trace:
#0 /home/content/61/9820061/html/yii/web/CController.php(271): CController->missingAction('img')
#1 /home/content/61/9820061/html/yii/web/CWebApplication.php(276): CController->run('img')
#2 /home/content/61/9820061/html/yii/web/CWebApplication.php(135): CWebApplication->runController('event/img/event...')
#3 /home/content/61/9820061/html/yii/base/CApplication.php(162): CWebApplication->processRequest()
#4 /home/content/61/9820061/html/index.php(13): CApplication->run()
#5 {main}
REQUEST_URI=/event/img/events/xlounge.png
HTTP_REFERER=http://www.tedxguc.com/event/index
---
2012/12/25 17:23:04 [error] [exception.CHttpException.404] exception 'CHttpException' with message 'The system is unable to find the requested action "img".' in /home/content/61/9820061/html/yii/web/CController.php:484
Stack trace:
#0 /home/content/61/9820061/html/yii/web/CController.php(271): CController->missingAction('img')
#1 /home/content/61/9820061/html/yii/web/CWebApplication.php(276): CController->run('img')
#2 /home/content/61/9820061/html/yii/web/CWebApplication.php(135): CWebApplication->runController('event/img/event...')
#3 /home/content/61/9820061/html/yii/base/CApplication.php(162): CWebApplication->processRequest()
#4 /home/content/61/9820061/html/index.php(13): CApplication->run()
#5 {main}
REQUEST_URI=/event/img/events/xlounge.png
HTTP_REFERER=http://www.tedxguc.com/event/index
---
2012/12/25 17:23:58 [error] [exception.CHttpException.404] exception 'CHttpException' with message 'The system is unable to find the requested action "img".' in /home/content/61/9820061/html/yii/web/CController.php:484
Stack trace:
#0 /home/content/61/9820061/html/yii/web/CController.php(271): CController->missingAction('img')
#1 /home/content/61/9820061/html/yii/web/CWebApplication.php(276): CController->run('img')
#2 /home/content/61/9820061/html/yii/web/CWebApplication.php(135): CWebApplication->runController('event/img/event...')
#3 /home/content/61/9820061/html/yii/base/CApplication.php(162): CWebApplication->processRequest()
#4 /home/content/61/9820061/html/index.php(13): CApplication->run()
#5 {main}
REQUEST_URI=/event/img/events/xlounge.png
HTTP_REFERER=http://www.tedxguc.com/event/index
---
2012/12/25 17:24:35 [error] [exception.CHttpException.404] exception 'CHttpException' with message 'The system is unable to find the requested action "img".' in /home/content/61/9820061/html/yii/web/CController.php:484
Stack trace:
#0 /home/content/61/9820061/html/yii/web/CController.php(271): CController->missingAction('img')
#1 /home/content/61/9820061/html/yii/web/CWebApplication.php(276): CController->run('img')
#2 /home/content/61/9820061/html/yii/web/CWebApplication.php(135): CWebApplication->runController('event/img/event...')
#3 /home/content/61/9820061/html/yii/base/CApplication.php(162): CWebApplication->processRequest()
#4 /home/content/61/9820061/html/index.php(13): CApplication->run()
#5 {main}
REQUEST_URI=/event/img/events/xlounge.png
HTTP_REFERER=http://www.tedxguc.com/event/index
---
2012/12/25 17:27:58 [error] [exception.CException] exception 'CException' with message 'SiteController cannot find the requested view "about/abc".' in /home/content/61/9820061/html/yii/web/CController.php:879
Stack trace:
#0 /home/content/61/9820061/html/protected/views/site/about.php(32): CController->renderPartial('about/abc')
#1 /home/content/61/9820061/html/yii/web/CBaseController.php(127): require('/home/content/6...')
#2 /home/content/61/9820061/html/yii/web/CBaseController.php(96): CBaseController->renderInternal('/home/content/6...', Array, true)
#3 /home/content/61/9820061/html/yii/web/CController.php(870): CBaseController->renderFile('/home/content/6...', Array, true)
#4 /home/content/61/9820061/html/yii/web/CController.php(783): CController->renderPartial('about', Array, true)
#5 /home/content/61/9820061/html/protected/controllers/SiteController.php(70): CController->render('about', Array)
#6 [internal function]: SiteController->actionAbout('abc')
#7 /home/content/61/9820061/html/yii/web/actions/CAction.php(107): ReflectionMethod->invokeArgs(Object(SiteController), Array)
#8 /home/content/61/9820061/html/yii/web/actions/CInlineAction.php(48): CAction->runWithParamsInternal(Object(SiteController), Object(ReflectionMethod), Array)
#9 /home/content/61/9820061/html/yii/web/CController.php(309): CInlineAction->runWithParams(Array)
#10 /home/content/61/9820061/html/yii/web/CController.php(287): CController->runAction(Object(CInlineAction))
#11 /home/content/61/9820061/html/yii/web/CController.php(266): CController->runActionWithFilters(Object(CInlineAction), Array)
#12 /home/content/61/9820061/html/yii/web/CWebApplication.php(276): CController->run('about')
#13 /home/content/61/9820061/html/yii/web/CWebApplication.php(135): CWebApplication->runController('site/about')
#14 /home/content/61/9820061/html/yii/base/CApplication.php(162): CWebApplication->processRequest()
#15 /home/content/61/9820061/html/index.php(13): CApplication->run()
#16 {main}
REQUEST_URI=/about/abc
---
2012/12/25 17:28:33 [error] [exception.CHttpException.404] exception 'CHttpException' with message 'The system is unable to find the requested action "admin".' in /home/content/61/9820061/html/yii/web/CController.php:484
Stack trace:
#0 /home/content/61/9820061/html/yii/web/CController.php(271): CController->missingAction('admin')
#1 /home/content/61/9820061/html/yii/web/CWebApplication.php(276): CController->run('admin')
#2 /home/content/61/9820061/html/yii/web/CWebApplication.php(135): CWebApplication->runController('site/admin')
#3 /home/content/61/9820061/html/yii/base/CApplication.php(162): CWebApplication->processRequest()
#4 /home/content/61/9820061/html/index.php(13): CApplication->run()
#5 {main}
REQUEST_URI=/admin
---
2012/12/25 17:29:04 [error] [exception.CException] exception 'CException' with message 'SiteController cannot find the requested view "about/abc".' in /home/content/61/9820061/html/yii/web/CController.php:879
Stack trace:
#0 /home/content/61/9820061/html/protected/views/site/about.php(32): CController->renderPartial('about/abc')
#1 /home/content/61/9820061/html/yii/web/CBaseController.php(127): require('/home/content/6...')
#2 /home/content/61/9820061/html/yii/web/CBaseController.php(96): CBaseController->renderInternal('/home/content/6...', Array, true)
#3 /home/content/61/9820061/html/yii/web/CController.php(870): CBaseController->renderFile('/home/content/6...', Array, true)
#4 /home/content/61/9820061/html/yii/web/CController.php(783): CController->renderPartial('about', Array, true)
#5 /home/content/61/9820061/html/protected/controllers/SiteController.php(70): CController->render('about', Array)
#6 [internal function]: SiteController->actionAbout('abc')
#7 /home/content/61/9820061/html/yii/web/actions/CAction.php(107): ReflectionMethod->invokeArgs(Object(SiteController), Array)
#8 /home/content/61/9820061/html/yii/web/actions/CInlineAction.php(48): CAction->runWithParamsInternal(Object(SiteController), Object(ReflectionMethod), Array)
#9 /home/content/61/9820061/html/yii/web/CController.php(309): CInlineAction->runWithParams(Array)
#10 /home/content/61/9820061/html/yii/web/CController.php(287): CController->runAction(Object(CInlineAction))
#11 /home/content/61/9820061/html/yii/web/CController.php(266): CController->runActionWithFilters(Object(CInlineAction), Array)
#12 /home/content/61/9820061/html/yii/web/CWebApplication.php(276): CController->run('about')
#13 /home/content/61/9820061/html/yii/web/CWebApplication.php(135): CWebApplication->runController('site/about')
#14 /home/content/61/9820061/html/yii/base/CApplication.php(162): CWebApplication->processRequest()
#15 /home/content/61/9820061/html/index.php(13): CApplication->run()
#16 {main}
REQUEST_URI=/about/abc
---
2012/12/25 17:31:28 [error] [exception.CHttpException.404] exception 'CHttpException' with message 'The system is unable to find the requested action "admin".' in /home/content/61/9820061/html/yii/web/CController.php:484
Stack trace:
#0 /home/content/61/9820061/html/yii/web/CController.php(271): CController->missingAction('admin')
#1 /home/content/61/9820061/html/yii/web/CWebApplication.php(276): CController->run('admin')
#2 /home/content/61/9820061/html/yii/web/CWebApplication.php(135): CWebApplication->runController('site/admin')
#3 /home/content/61/9820061/html/yii/base/CApplication.php(162): CWebApplication->processRequest()
#4 /home/content/61/9820061/html/index.php(13): CApplication->run()
#5 {main}
REQUEST_URI=/admin
---
2012/12/25 17:46:02 [error] [exception.CHttpException.404] exception 'CHttpException' with message 'The system is unable to find the requested action "abc".' in /home/content/61/9820061/html/yii/web/CController.php:484
Stack trace:
#0 /home/content/61/9820061/html/yii/web/CController.php(271): CController->missingAction('abc')
#1 /home/content/61/9820061/html/yii/web/CWebApplication.php(276): CController->run('abc')
#2 /home/content/61/9820061/html/yii/web/CWebApplication.php(135): CWebApplication->runController('site/abc')
#3 /home/content/61/9820061/html/yii/base/CApplication.php(162): CWebApplication->processRequest()
#4 /home/content/61/9820061/html/index.php(13): CApplication->run()
#5 {main}
REQUEST_URI=/abc
---
2012/12/25 17:46:25 [error] [exception.CHttpException.404] exception 'CHttpException' with message 'The system is unable to find the requested action "registration".' in /home/content/61/9820061/html/yii/web/CController.php:484
Stack trace:
#0 /home/content/61/9820061/html/yii/web/CController.php(271): CController->missingAction('registration')
#1 /home/content/61/9820061/html/yii/web/CWebApplication.php(276): CController->run('registration')
#2 /home/content/61/9820061/html/yii/web/CWebApplication.php(135): CWebApplication->runController('site/registrati...')
#3 /home/content/61/9820061/html/yii/base/CApplication.php(162): CWebApplication->processRequest()
#4 /home/content/61/9820061/html/index.php(13): CApplication->run()
#5 {main}
REQUEST_URI=/registration
---
2012/12/25 17:47:28 [error] [exception.CHttpException.404] exception 'CHttpException' with message 'Unable to resolve the request "robots.txt".' in /home/content/61/9820061/html/yii/web/CWebApplication.php:280
Stack trace:
#0 /home/content/61/9820061/html/yii/web/CWebApplication.php(135): CWebApplication->runController('robots.txt')
#1 /home/content/61/9820061/html/yii/base/CApplication.php(162): CWebApplication->processRequest()
#2 /home/content/61/9820061/html/index.php(13): CApplication->run()
#3 {main}
REQUEST_URI=/robots.txt
---
2012/12/25 17:48:19 [error] [system.db.CDbCommand] CDbCommand::execute() failed: SQLSTATE[23000]: Integrity constraint violation: 1062 Duplicate entry 'm0stafa_aly@hotmail.com' for key 1. The SQL statement executed was: INSERT INTO `subscriber` (`email`) VALUES (:yp0).
in /home/content/61/9820061/html/protected/controllers/SubscribeController.php (12)
in /home/content/61/9820061/html/index.php (13)
2012/12/25 17:48:19 [error] [exception.CDbException] exception 'CDbException' with message 'CDbCommand failed to execute the SQL statement: SQLSTATE[23000]: Integrity constraint violation: 1062 Duplicate entry 'm0stafa_aly@hotmail.com' for key 1. The SQL statement executed was: INSERT INTO `subscriber` (`email`) VALUES (:yp0)' in /home/content/61/9820061/html/yii/db/CDbCommand.php:354
Stack trace:
#0 /home/content/61/9820061/html/yii/db/ar/CActiveRecord.php(1014): CDbCommand->execute()
#1 /home/content/61/9820061/html/yii/db/ar/CActiveRecord.php(787): CActiveRecord->insert(NULL)
#2 /home/content/61/9820061/html/protected/controllers/SubscribeController.php(12): CActiveRecord->save()
#3 [internal function]: SubscribeController->actionAdd('test')
#4 /home/content/61/9820061/html/yii/web/actions/CAction.php(107): ReflectionMethod->invokeArgs(Object(SubscribeController), Array)
#5 /home/content/61/9820061/html/yii/web/actions/CInlineAction.php(48): CAction->runWithParamsInternal(Object(SubscribeController), Object(ReflectionMethod), Array)
#6 /home/content/61/9820061/html/yii/web/CController.php(309): CInlineAction->runWithParams(Array)
#7 /home/content/61/9820061/html/yii/web/CController.php(287): CController->runAction(Object(CInlineAction))
#8 /home/content/61/9820061/html/yii/web/CController.php(266): CController->runActionWithFilters(Object(CInlineAction), Array)
#9 /home/content/61/9820061/html/yii/web/CWebApplication.php(276): CController->run('add')
#10 /home/content/61/9820061/html/yii/web/CWebApplication.php(135): CWebApplication->runController('subscribe/add')
#11 /home/content/61/9820061/html/yii/base/CApplication.php(162): CWebApplication->processRequest()
#12 /home/content/61/9820061/html/index.php(13): CApplication->run()
#13 {main}
REQUEST_URI=/subscribe/add
HTTP_REFERER=http://www.tedxguc.com/
---
2012/12/25 18:00:39 [error] [exception.CHttpException.404] exception 'CHttpException' with message 'Unable to resolve the request "robots.txt".' in /home/content/61/9820061/html/yii/web/CWebApplication.php:280
Stack trace:
#0 /home/content/61/9820061/html/yii/web/CWebApplication.php(135): CWebApplication->runController('robots.txt')
#1 /home/content/61/9820061/html/yii/base/CApplication.php(162): CWebApplication->processRequest()
#2 /home/content/61/9820061/html/index.php(13): CApplication->run()
#3 {main}
REQUEST_URI=/robots.txt
---
2012/12/25 18:37:12 [error] [exception.CHttpException.404] exception 'CHttpException' with message 'Unable to resolve the request "js/PIE.htc".' in /home/content/61/9820061/html/yii/web/CWebApplication.php:280
Stack trace:
#0 /home/content/61/9820061/html/yii/web/CWebApplication.php(135): CWebApplication->runController('js/PIE.htc')
#1 /home/content/61/9820061/html/yii/base/CApplication.php(162): CWebApplication->processRequest()
#2 /home/content/61/9820061/html/index.php(13): CApplication->run()
#3 {main}
REQUEST_URI=/js/PIE.htc
---
2012/12/25 18:42:34 [error] [exception.CHttpException.404] exception 'CHttpException' with message 'Unable to resolve the request "robots.txt".' in /home/content/61/9820061/html/yii/web/CWebApplication.php:280
Stack trace:
#0 /home/content/61/9820061/html/yii/web/CWebApplication.php(135): CWebApplication->runController('robots.txt')
#1 /home/content/61/9820061/html/yii/base/CApplication.php(162): CWebApplication->processRequest()
#2 /home/content/61/9820061/html/index.php(13): CApplication->run()
#3 {main}
REQUEST_URI=/robots.txt
---
2012/12/25 18:50:33 [error] [exception.CHttpException.404] exception 'CHttpException' with message 'Unable to resolve the request "robots.txt".' in /home/content/61/9820061/html/yii/web/CWebApplication.php:280
Stack trace:
#0 /home/content/61/9820061/html/yii/web/CWebApplication.php(135): CWebApplication->runController('robots.txt')
#1 /home/content/61/9820061/html/yii/base/CApplication.php(162): CWebApplication->processRequest()
#2 /home/content/61/9820061/html/index.php(13): CApplication->run()
#3 {main}
REQUEST_URI=/robots.txt
---
2012/12/25 18:52:22 [error] [exception.CHttpException.404] exception 'CHttpException' with message 'Unable to resolve the request "robots.txt".' in /home/content/61/9820061/html/yii/web/CWebApplication.php:280
Stack trace:
#0 /home/content/61/9820061/html/yii/web/CWebApplication.php(135): CWebApplication->runController('robots.txt')
#1 /home/content/61/9820061/html/yii/base/CApplication.php(162): CWebApplication->processRequest()
#2 /home/content/61/9820061/html/index.php(13): CApplication->run()
#3 {main}
REQUEST_URI=/robots.txt
---
2012/12/25 18:54:39 [error] [exception.CHttpException.404] exception 'CHttpException' with message 'Unable to resolve the request "robots.txt".' in /home/content/61/9820061/html/yii/web/CWebApplication.php:280
Stack trace:
#0 /home/content/61/9820061/html/yii/web/CWebApplication.php(135): CWebApplication->runController('robots.txt')
#1 /home/content/61/9820061/html/yii/base/CApplication.php(162): CWebApplication->processRequest()
#2 /home/content/61/9820061/html/index.php(13): CApplication->run()
#3 {main}
REQUEST_URI=/robots.txt
---
2012/12/25 19:16:48 [error] [exception.CHttpException.404] exception 'CHttpException' with message 'Unable to resolve the request "img/apple-touch-icon.png".' in /home/content/61/9820061/html/yii/web/CWebApplication.php:280
Stack trace:
#0 /home/content/61/9820061/html/yii/web/CWebApplication.php(135): CWebApplication->runController('img/apple-touch...')
#1 /home/content/61/9820061/html/yii/base/CApplication.php(162): CWebApplication->processRequest()
#2 /home/content/61/9820061/html/index.php(13): CApplication->run()
#3 {main}
REQUEST_URI=/img/apple-touch-icon.png
---
2012/12/25 19:17:56 [error] [exception.CHttpException.404] exception 'CHttpException' with message 'Unable to resolve the request "img/apple-touch-icon.png".' in /home/content/61/9820061/html/yii/web/CWebApplication.php:280
Stack trace:
#0 /home/content/61/9820061/html/yii/web/CWebApplication.php(135): CWebApplication->runController('img/apple-touch...')
#1 /home/content/61/9820061/html/yii/base/CApplication.php(162): CWebApplication->processRequest()
#2 /home/content/61/9820061/html/index.php(13): CApplication->run()
#3 {main}
REQUEST_URI=/img/apple-touch-icon.png
---
2012/12/25 19:18:23 [error] [system.db.CDbCommand] CDbCommand::execute() failed: SQLSTATE[23000]: Integrity constraint violation: 1062 Duplicate entry 'karim9zahran@gmail.com' for key 1. The SQL statement executed was: INSERT INTO `subscriber` (`email`) VALUES (:yp0).
in /home/content/61/9820061/html/protected/controllers/SubscribeController.php (12)
in /home/content/61/9820061/html/index.php (13)
2012/12/25 19:18:23 [error] [exception.CDbException] exception 'CDbException' with message 'CDbCommand failed to execute the SQL statement: SQLSTATE[23000]: Integrity constraint violation: 1062 Duplicate entry 'karim9zahran@gmail.com' for key 1. The SQL statement executed was: INSERT INTO `subscriber` (`email`) VALUES (:yp0)' in /home/content/61/9820061/html/yii/db/CDbCommand.php:354
Stack trace:
#0 /home/content/61/9820061/html/yii/db/ar/CActiveRecord.php(1014): CDbCommand->execute()
#1 /home/content/61/9820061/html/yii/db/ar/CActiveRecord.php(787): CActiveRecord->insert(NULL)
#2 /home/content/61/9820061/html/protected/controllers/SubscribeController.php(12): CActiveRecord->save()
#3 [internal function]: SubscribeController->actionAdd('test')
#4 /home/content/61/9820061/html/yii/web/actions/CAction.php(107): ReflectionMethod->invokeArgs(Object(SubscribeController), Array)
#5 /home/content/61/9820061/html/yii/web/actions/CInlineAction.php(48): CAction->runWithParamsInternal(Object(SubscribeController), Object(ReflectionMethod), Array)
#6 /home/content/61/9820061/html/yii/web/CController.php(309): CInlineAction->runWithParams(Array)
#7 /home/content/61/9820061/html/yii/web/CController.php(287): CController->runAction(Object(CInlineAction))
#8 /home/content/61/9820061/html/yii/web/CController.php(266): CController->runActionWithFilters(Object(CInlineAction), Array)
#9 /home/content/61/9820061/html/yii/web/CWebApplication.php(276): CController->run('add')
#10 /home/content/61/9820061/html/yii/web/CWebApplication.php(135): CWebApplication->runController('subscribe/add')
#11 /home/content/61/9820061/html/yii/base/CApplication.php(162): CWebApplication->processRequest()
#12 /home/content/61/9820061/html/index.php(13): CApplication->run()
#13 {main}
REQUEST_URI=/subscribe/add
HTTP_REFERER=http://www.tedxguc.com/?fb_action_ids=10151367578055395&fb_action_types=og.likes&fb_source=other_multiline&action_object_map=%7B%2210151367578055395%22%3A10151098582428118%7D&action_type_map=%7B%2210151367578055395%22%3A%22og.likes%22%7D&action_ref_map=%5B%5D
---
2012/12/25 20:48:32 [error] [exception.CHttpException.404] exception 'CHttpException' with message 'Unable to resolve the request "robots.txt".' in /home/content/61/9820061/html/yii/web/CWebApplication.php:280
Stack trace:
#0 /home/content/61/9820061/html/yii/web/CWebApplication.php(135): CWebApplication->runController('robots.txt')
#1 /home/content/61/9820061/html/yii/base/CApplication.php(162): CWebApplication->processRequest()
#2 /home/content/61/9820061/html/index.php(13): CApplication->run()
#3 {main}
REQUEST_URI=/robots.txt
---
2012/12/25 20:52:11 [error] [exception.CHttpException.404] exception 'CHttpException' with message 'Unable to resolve the request "robots.txt".' in /home/content/61/9820061/html/yii/web/CWebApplication.php:280
Stack trace:
#0 /home/content/61/9820061/html/yii/web/CWebApplication.php(135): CWebApplication->runController('robots.txt')
#1 /home/content/61/9820061/html/yii/base/CApplication.php(162): CWebApplication->processRequest()
#2 /home/content/61/9820061/html/index.php(13): CApplication->run()
#3 {main}
REQUEST_URI=/robots.txt
---
2012/12/25 21:16:13 [error] [exception.CHttpException.404] exception 'CHttpException' with message 'Unable to resolve the request "js/PIE.htc".' in /home/content/61/9820061/html/yii/web/CWebApplication.php:280
Stack trace:
#0 /home/content/61/9820061/html/yii/web/CWebApplication.php(135): CWebApplication->runController('js/PIE.htc')
#1 /home/content/61/9820061/html/yii/base/CApplication.php(162): CWebApplication->processRequest()
#2 /home/content/61/9820061/html/index.php(13): CApplication->run()
#3 {main}
REQUEST_URI=/js/PIE.htc
---
2012/12/25 21:34:06 [error] [exception.CHttpException.404] exception 'CHttpException' with message 'Unable to resolve the request "robots.txt".' in /home/content/61/9820061/html/yii/web/CWebApplication.php:280
Stack trace:
#0 /home/content/61/9820061/html/yii/web/CWebApplication.php(135): CWebApplication->runController('robots.txt')
#1 /home/content/61/9820061/html/yii/base/CApplication.php(162): CWebApplication->processRequest()
#2 /home/content/61/9820061/html/index.php(13): CApplication->run()
#3 {main}
REQUEST_URI=/robots.txt
---
2012/12/25 21:46:15 [error] [exception.CHttpException.404] exception 'CHttpException' with message 'Unable to resolve the request "robots.txt".' in /home/content/61/9820061/html/yii/web/CWebApplication.php:280
Stack trace:
#0 /home/content/61/9820061/html/yii/web/CWebApplication.php(135): CWebApplication->runController('robots.txt')
#1 /home/content/61/9820061/html/yii/base/CApplication.php(162): CWebApplication->processRequest()
#2 /home/content/61/9820061/html/index.php(13): CApplication->run()
#3 {main}
REQUEST_URI=/robots.txt
---
2012/12/25 21:48:14 [error] [system.db.CDbCommand] CDbCommand::execute() failed: SQLSTATE[23000]: Integrity constraint violation: 1062 Duplicate entry 'mostafa.a.hassaan@gmail.com' for key 1. The SQL statement executed was: INSERT INTO `subscriber` (`email`) VALUES (:yp0).
in /home/content/61/9820061/html/protected/controllers/SubscribeController.php (12)
in /home/content/61/9820061/html/index.php (13)
2012/12/25 21:48:14 [error] [exception.CDbException] exception 'CDbException' with message 'CDbCommand failed to execute the SQL statement: SQLSTATE[23000]: Integrity constraint violation: 1062 Duplicate entry 'mostafa.a.hassaan@gmail.com' for key 1. The SQL statement executed was: INSERT INTO `subscriber` (`email`) VALUES (:yp0)' in /home/content/61/9820061/html/yii/db/CDbCommand.php:354
Stack trace:
#0 /home/content/61/9820061/html/yii/db/ar/CActiveRecord.php(1014): CDbCommand->execute()
#1 /home/content/61/9820061/html/yii/db/ar/CActiveRecord.php(787): CActiveRecord->insert(NULL)
#2 /home/content/61/9820061/html/protected/controllers/SubscribeController.php(12): CActiveRecord->save()
#3 [internal function]: SubscribeController->actionAdd('test')
#4 /home/content/61/9820061/html/yii/web/actions/CAction.php(107): ReflectionMethod->invokeArgs(Object(SubscribeController), Array)
#5 /home/content/61/9820061/html/yii/web/actions/CInlineAction.php(48): CAction->runWithParamsInternal(Object(SubscribeController), Object(ReflectionMethod), Array)
#6 /home/content/61/9820061/html/yii/web/CController.php(309): CInlineAction->runWithParams(Array)
#7 /home/content/61/9820061/html/yii/web/CController.php(287): CController->runAction(Object(CInlineAction))
#8 /home/content/61/9820061/html/yii/web/CController.php(266): CController->runActionWithFilters(Object(CInlineAction), Array)
#9 /home/content/61/9820061/html/yii/web/CWebApplication.php(276): CController->run('add')
#10 /home/content/61/9820061/html/yii/web/CWebApplication.php(135): CWebApplication->runController('subscribe/add')
#11 /home/content/61/9820061/html/yii/base/CApplication.php(162): CWebApplication->processRequest()
#12 /home/content/61/9820061/html/index.php(13): CApplication->run()
#13 {main}
REQUEST_URI=/subscribe/add
HTTP_REFERER=http://www.tedxguc.com/
---
2012/12/25 22:08:02 [error] [exception.CHttpException.404] exception 'CHttpException' with message 'Unable to resolve the request "robots.txt".' in /home/content/61/9820061/html/yii/web/CWebApplication.php:280
Stack trace:
#0 /home/content/61/9820061/html/yii/web/CWebApplication.php(135): CWebApplication->runController('robots.txt')
#1 /home/content/61/9820061/html/yii/base/CApplication.php(162): CWebApplication->processRequest()
#2 /home/content/61/9820061/html/index.php(13): CApplication->run()
#3 {main}
REQUEST_URI=/robots.txt
---
2012/12/25 22:30:52 [error] [exception.CHttpException.404] exception 'CHttpException' with message 'Unable to resolve the request "js/PIE.htc".' in /home/content/61/9820061/html/yii/web/CWebApplication.php:280
Stack trace:
#0 /home/content/61/9820061/html/yii/web/CWebApplication.php(135): CWebApplication->runController('js/PIE.htc')
#1 /home/content/61/9820061/html/yii/base/CApplication.php(162): CWebApplication->processRequest()
#2 /home/content/61/9820061/html/index.php(13): CApplication->run()
#3 {main}
REQUEST_URI=/js/PIE.htc
---
2012/12/25 22:35:52 [error] [exception.CHttpException.404] exception 'CHttpException' with message 'Unable to resolve the request "js/PIE.htc".' in /home/content/61/9820061/html/yii/web/CWebApplication.php:280
Stack trace:
#0 /home/content/61/9820061/html/yii/web/CWebApplication.php(135): CWebApplication->runController('js/PIE.htc')
#1 /home/content/61/9820061/html/yii/base/CApplication.php(162): CWebApplication->processRequest()
#2 /home/content/61/9820061/html/index.php(13): CApplication->run()
#3 {main}
REQUEST_URI=/js/PIE.htc
---
2012/12/25 22:41:16 [error] [exception.CHttpException.404] exception 'CHttpException' with message 'Unable to resolve the request "js/PIE.htc".' in /home/content/61/9820061/html/yii/web/CWebApplication.php:280
Stack trace:
#0 /home/content/61/9820061/html/yii/web/CWebApplication.php(135): CWebApplication->runController('js/PIE.htc')
#1 /home/content/61/9820061/html/yii/base/CApplication.php(162): CWebApplication->processRequest()
#2 /home/content/61/9820061/html/index.php(13): CApplication->run()
#3 {main}
REQUEST_URI=/js/PIE.htc
---
2012/12/25 22:41:17 [error] [exception.CHttpException.404] exception 'CHttpException' with message 'Unable to resolve the request "img/apple-touch-icon.png".' in /home/content/61/9820061/html/yii/web/CWebApplication.php:280
Stack trace:
#0 /home/content/61/9820061/html/yii/web/CWebApplication.php(135): CWebApplication->runController('img/apple-touch...')
#1 /home/content/61/9820061/html/yii/base/CApplication.php(162): CWebApplication->processRequest()
#2 /home/content/61/9820061/html/index.php(13): CApplication->run()
#3 {main}
REQUEST_URI=/img/apple-touch-icon.png
HTTP_REFERER=http://www.tedxguc.com/js/PIE.htc
---
2012/12/25 22:41:59 [error] [exception.CHttpException.404] exception 'CHttpException' with message 'Unable to resolve the request "js/PIE.htc".' in /home/content/61/9820061/html/yii/web/CWebApplication.php:280
Stack trace:
#0 /home/content/61/9820061/html/yii/web/CWebApplication.php(135): CWebApplication->runController('js/PIE.htc')
#1 /home/content/61/9820061/html/yii/base/CApplication.php(162): CWebApplication->processRequest()
#2 /home/content/61/9820061/html/index.php(13): CApplication->run()
#3 {main}
REQUEST_URI=/js/PIE.htc
---
2012/12/25 22:42:02 [error] [exception.CHttpException.404] exception 'CHttpException' with message 'Unable to resolve the request "js/PIE.htc".' in /home/content/61/9820061/html/yii/web/CWebApplication.php:280
Stack trace:
#0 /home/content/61/9820061/html/yii/web/CWebApplication.php(135): CWebApplication->runController('js/PIE.htc')
#1 /home/content/61/9820061/html/yii/base/CApplication.php(162): CWebApplication->processRequest()
#2 /home/content/61/9820061/html/index.php(13): CApplication->run()
#3 {main}
REQUEST_URI=/js/PIE.htc
---
2012/12/25 22:56:34 [error] [exception.CHttpException.404] exception 'CHttpException' with message 'Unable to resolve the request "robots.txt".' in /home/content/61/9820061/html/yii/web/CWebApplication.php:280
Stack trace:
#0 /home/content/61/9820061/html/yii/web/CWebApplication.php(135): CWebApplication->runController('robots.txt')
#1 /home/content/61/9820061/html/yii/base/CApplication.php(162): CWebApplication->processRequest()
#2 /home/content/61/9820061/html/index.php(13): CApplication->run()
#3 {main}
REQUEST_URI=/robots.txt
---
2012/12/25 22:58:10 [error] [exception.CHttpException.404] exception 'CHttpException' with message 'Unable to resolve the request "robots.txt".' in /home/content/61/9820061/html/yii/web/CWebApplication.php:280
Stack trace:
#0 /home/content/61/9820061/html/yii/web/CWebApplication.php(135): CWebApplication->runController('robots.txt')
#1 /home/content/61/9820061/html/yii/base/CApplication.php(162): CWebApplication->processRequest()
#2 /home/content/61/9820061/html/index.php(13): CApplication->run()
#3 {main}
REQUEST_URI=/robots.txt
---
2012/12/25 23:28:00 [error] [exception.CHttpException.404] exception 'CHttpException' with message 'Unable to resolve the request "robots.txt".' in /home/content/61/9820061/html/yii/web/CWebApplication.php:280
Stack trace:
#0 /home/content/61/9820061/html/yii/web/CWebApplication.php(135): CWebApplication->runController('robots.txt')
#1 /home/content/61/9820061/html/yii/base/CApplication.php(162): CWebApplication->processRequest()
#2 /home/content/61/9820061/html/index.php(13): CApplication->run()
#3 {main}
REQUEST_URI=/robots.txt
---
2012/12/26 00:39:11 [error] [exception.CHttpException.404] exception 'CHttpException' with message 'Unable to resolve the request "js/PIE.htc".' in /home/content/61/9820061/html/yii/web/CWebApplication.php:280
Stack trace:
#0 /home/content/61/9820061/html/yii/web/CWebApplication.php(135): CWebApplication->runController('js/PIE.htc')
#1 /home/content/61/9820061/html/yii/base/CApplication.php(162): CWebApplication->processRequest()
#2 /home/content/61/9820061/html/index.php(13): CApplication->run()
#3 {main}
REQUEST_URI=/js/PIE.htc
---
2012/12/26 00:41:27 [error] [exception.CHttpException.404] exception 'CHttpException' with message 'Unable to resolve the request "js/PIE.htc".' in /home/content/61/9820061/html/yii/web/CWebApplication.php:280
Stack trace:
#0 /home/content/61/9820061/html/yii/web/CWebApplication.php(135): CWebApplication->runController('js/PIE.htc')
#1 /home/content/61/9820061/html/yii/base/CApplication.php(162): CWebApplication->processRequest()
#2 /home/content/61/9820061/html/index.php(13): CApplication->run()
#3 {main}
REQUEST_URI=/js/PIE.htc
---
2012/12/26 00:50:36 [error] [exception.CHttpException.404] exception 'CHttpException' with message 'Unable to resolve the request "robots.txt".' in /home/content/61/9820061/html/yii/web/CWebApplication.php:280
Stack trace:
#0 /home/content/61/9820061/html/yii/web/CWebApplication.php(135): CWebApplication->runController('robots.txt')
#1 /home/content/61/9820061/html/yii/base/CApplication.php(162): CWebApplication->processRequest()
#2 /home/content/61/9820061/html/index.php(13): CApplication->run()
#3 {main}
REQUEST_URI=/robots.txt
---
2012/12/26 09:51:33 [error] [exception.CException] exception 'CException' with message 'SiteController cannot find the requested view "site/event".' in C:\xampp\htdocs\yii\web\CController.php:879
Stack trace:
#0 C:\xampp\htdocs\yii\web\CController.php(783): CController->renderPartial('site/event', Array, true)
#1 C:\xampp\htdocs\tedxguc\protected\controllers\SiteController.php(70): CController->render('site/event', Array)
#2 [internal function]: SiteController->actionEvents('Xlounge')
#3 C:\xampp\htdocs\yii\web\actions\CAction.php(107): ReflectionMethod->invokeArgs(Object(SiteController), Array)
#4 C:\xampp\htdocs\yii\web\actions\CInlineAction.php(48): CAction->runWithParamsInternal(Object(SiteController), Object(ReflectionMethod), Array)
#5 C:\xampp\htdocs\yii\web\CController.php(309): CInlineAction->runWithParams(Array)
#6 C:\xampp\htdocs\yii\web\CController.php(287): CController->runAction(Object(CInlineAction))
#7 C:\xampp\htdocs\yii\web\CController.php(266): CController->runActionWithFilters(Object(CInlineAction), Array)
#8 C:\xampp\htdocs\yii\web\CWebApplication.php(283): CController->run('events')
#9 C:\xampp\htdocs\yii\web\CWebApplication.php(142): CWebApplication->runController('site/events')
#10 C:\xampp\htdocs\yii\base\CApplication.php(162): CWebApplication->processRequest()
#11 C:\xampp\htdocs\tedxguc\index.php(13): CApplication->run()
#12 {main}
REQUEST_URI=/tedxguc/events/Xlounge.html
HTTP_REFERER=http://localhost/tedxguc/events
---
2012/12/26 09:52:27 [error] [exception.CHttpException.400] exception 'CHttpException' with message 'Invalid request. Please do not repeat this request again.' in C:\xampp\htdocs\tedxguc\protected\controllers\SiteController.php:66
Stack trace:
#0 [internal function]: SiteController->actionEvents('Xounge')
#1 C:\xampp\htdocs\yii\web\actions\CAction.php(107): ReflectionMethod->invokeArgs(Object(SiteController), Array)
#2 C:\xampp\htdocs\yii\web\actions\CInlineAction.php(48): CAction->runWithParamsInternal(Object(SiteController), Object(ReflectionMethod), Array)
#3 C:\xampp\htdocs\yii\web\CController.php(309): CInlineAction->runWithParams(Array)
#4 C:\xampp\htdocs\yii\web\CController.php(287): CController->runAction(Object(CInlineAction))
#5 C:\xampp\htdocs\yii\web\CController.php(266): CController->runActionWithFilters(Object(CInlineAction), Array)
#6 C:\xampp\htdocs\yii\web\CWebApplication.php(283): CController->run('events')
#7 C:\xampp\htdocs\yii\web\CWebApplication.php(142): CWebApplication->runController('site/events')
#8 C:\xampp\htdocs\yii\base\CApplication.php(162): CWebApplication->processRequest()
#9 C:\xampp\htdocs\tedxguc\index.php(13): CApplication->run()
#10 {main}
REQUEST_URI=/tedxguc/events/Xounge.html
---
2012/12/26 09:52:46 [error] [exception.CHttpException.404] exception 'CHttpException' with message 'The requested page does not exist.' in C:\xampp\htdocs\tedxguc\protected\controllers\EventController.php:167
Stack trace:
#0 C:\xampp\htdocs\tedxguc\protected\controllers\EventController.php(54): EventController->loadModel('0')
#1 [internal function]: EventController->actionView('0')
#2 C:\xampp\htdocs\yii\web\actions\CAction.php(107): ReflectionMethod->invokeArgs(Object(EventController), Array)
#3 C:\xampp\htdocs\yii\web\actions\CInlineAction.php(48): CAction->runWithParamsInternal(Object(EventController), Object(ReflectionMethod), Array)
#4 C:\xampp\htdocs\yii\web\CController.php(309): CInlineAction->runWithParams(Array)
#5 C:\xampp\htdocs\yii\web\filters\CFilterChain.php(134): CController->runAction(Object(CInlineAction))
#6 C:\xampp\htdocs\yii\web\filters\CFilter.php(41): CFilterChain->run()
#7 C:\xampp\htdocs\yii\web\CController.php(1146): CFilter->filter(Object(CFilterChain))
#8 C:\xampp\htdocs\yii\web\filters\CInlineFilter.php(59): CController->filterAccessControl(Object(CFilterChain))
#9 C:\xampp\htdocs\yii\web\filters\CFilterChain.php(131): CInlineFilter->filter(Object(CFilterChain))
#10 C:\xampp\htdocs\yii\web\CController.php(292): CFilterChain->run()
#11 C:\xampp\htdocs\yii\web\CController.php(266): CController->runActionWithFilters(Object(CInlineAction), Array)
#12 C:\xampp\htdocs\yii\web\CWebApplication.php(283): CController->run('view')
#13 C:\xampp\htdocs\yii\web\CWebApplication.php(142): CWebApplication->runController('event/view')
#14 C:\xampp\htdocs\yii\base\CApplication.php(162): CWebApplication->processRequest()
#15 C:\xampp\htdocs\tedxguc\index.php(13): CApplication->run()
#16 {main}
REQUEST_URI=/tedxguc/event/0
---
2012/12/26 10:04:28 [error] [php] Undefined variable: page (C:\xampp\htdocs\tedxguc\protected\views\layouts\column2.php:2)
Stack trace:
#0 C:\xampp\htdocs\yii\web\CController.php(785): SiteController->renderFile()
#1 C:\xampp\htdocs\tedxguc\protected\controllers\SiteController.php(58): SiteController->render()
#2 unknown(0): SiteController->actionEvents()
#3 C:\xampp\htdocs\yii\web\actions\CAction.php(107): ReflectionMethod->invokeArgs()
#4 C:\xampp\htdocs\yii\web\actions\CInlineAction.php(48): CInlineAction->runWithParamsInternal()
#5 C:\xampp\htdocs\yii\web\CController.php(309): CInlineAction->runWithParams()
#6 C:\xampp\htdocs\yii\web\CController.php(287): SiteController->runAction()
#7 C:\xampp\htdocs\yii\web\CController.php(266): SiteController->runActionWithFilters()
#8 C:\xampp\htdocs\yii\web\CWebApplication.php(283): SiteController->run()
#9 C:\xampp\htdocs\yii\web\CWebApplication.php(142): CWebApplication->runController()
#10 C:\xampp\htdocs\yii\base\CApplication.php(162): CWebApplication->processRequest()
#11 C:\xampp\htdocs\tedxguc\index.php(13): CWebApplication->run()
REQUEST_URI=/tedxguc/events
in C:\xampp\htdocs\tedxguc\protected\views\layouts\column2.php (2)
in C:\xampp\htdocs\tedxguc\protected\controllers\SiteController.php (58)
in C:\xampp\htdocs\tedxguc\index.php (13)
2012/12/26 10:05:20 [error] [php] Undefined variable: page (C:\xampp\htdocs\tedxguc\protected\views\site\events.php:3)
Stack trace:
#0 C:\xampp\htdocs\yii\web\CController.php(870): SiteController->renderFile()
#1 C:\xampp\htdocs\yii\web\CController.php(783): SiteController->renderPartial()
#2 C:\xampp\htdocs\tedxguc\protected\controllers\SiteController.php(58): SiteController->render()
#3 unknown(0): SiteController->actionEvents()
#4 C:\xampp\htdocs\yii\web\actions\CAction.php(107): ReflectionMethod->invokeArgs()
#5 C:\xampp\htdocs\yii\web\actions\CInlineAction.php(48): CInlineAction->runWithParamsInternal()
#6 C:\xampp\htdocs\yii\web\CController.php(309): CInlineAction->runWithParams()
#7 C:\xampp\htdocs\yii\web\CController.php(287): SiteController->runAction()
#8 C:\xampp\htdocs\yii\web\CController.php(266): SiteController->runActionWithFilters()
#9 C:\xampp\htdocs\yii\web\CWebApplication.php(283): SiteController->run()
#10 C:\xampp\htdocs\yii\web\CWebApplication.php(142): CWebApplication->runController()
#11 C:\xampp\htdocs\yii\base\CApplication.php(162): CWebApplication->processRequest()
#12 C:\xampp\htdocs\tedxguc\index.php(13): CWebApplication->run()
REQUEST_URI=/tedxguc/events
in C:\xampp\htdocs\tedxguc\protected\views\site\events.php (3)
in C:\xampp\htdocs\tedxguc\protected\controllers\SiteController.php (58)
in C:\xampp\htdocs\tedxguc\index.php (13)
2012/12/26 10:05:54 [error] [php] Undefined variable: page (C:\xampp\htdocs\tedxguc\protected\views\site\events.php:3)
Stack trace:
#0 C:\xampp\htdocs\yii\web\CController.php(870): SiteController->renderFile()
#1 C:\xampp\htdocs\yii\web\CController.php(783): SiteController->renderPartial()
#2 C:\xampp\htdocs\tedxguc\protected\controllers\SiteController.php(59): SiteController->render()
#3 unknown(0): SiteController->actionEvents()
#4 C:\xampp\htdocs\yii\web\actions\CAction.php(107): ReflectionMethod->invokeArgs()
#5 C:\xampp\htdocs\yii\web\actions\CInlineAction.php(48): CInlineAction->runWithParamsInternal()
#6 C:\xampp\htdocs\yii\web\CController.php(309): CInlineAction->runWithParams()
#7 C:\xampp\htdocs\yii\web\CController.php(287): SiteController->runAction()
#8 C:\xampp\htdocs\yii\web\CController.php(266): SiteController->runActionWithFilters()
#9 C:\xampp\htdocs\yii\web\CWebApplication.php(283): SiteController->run()
#10 C:\xampp\htdocs\yii\web\CWebApplication.php(142): CWebApplication->runController()
#11 C:\xampp\htdocs\yii\base\CApplication.php(162): CWebApplication->processRequest()
#12 C:\xampp\htdocs\tedxguc\index.php(13): CWebApplication->run()
REQUEST_URI=/tedxguc/events
in C:\xampp\htdocs\tedxguc\protected\views\site\events.php (3)
in C:\xampp\htdocs\tedxguc\protected\controllers\SiteController.php (59)
in C:\xampp\htdocs\tedxguc\index.php (13)
2012/12/26 10:16:51 [error] [exception.CHttpException.404] exception 'CHttpException' with message 'The system is unable to find the requested action "b".' in C:\xampp\htdocs\yii\web\CController.php:484
Stack trace:
#0 C:\xampp\htdocs\yii\web\CController.php(271): CController->missingAction('b')
#1 C:\xampp\htdocs\yii\web\CWebApplication.php(283): CController->run('b')
#2 C:\xampp\htdocs\yii\web\CWebApplication.php(142): CWebApplication->runController('site/b')
#3 C:\xampp\htdocs\yii\base\CApplication.php(162): CWebApplication->processRequest()
#4 C:\xampp\htdocs\tedxguc\index.php(13): CApplication->run()
#5 {main}
REQUEST_URI=/tedxguc/b
---
2012/12/26 10:17:01 [error] [exception.CHttpException.400] exception 'CHttpException' with message 'Invalid request. Please do not repeat this request again.' in C:\xampp\htdocs\tedxguc\protected\controllers\SiteController.php:91
Stack trace:
#0 [internal function]: SiteController->actionAbout('t')
#1 C:\xampp\htdocs\yii\web\actions\CAction.php(107): ReflectionMethod->invokeArgs(Object(SiteController), Array)
#2 C:\xampp\htdocs\yii\web\actions\CInlineAction.php(48): CAction->runWithParamsInternal(Object(SiteController), Object(ReflectionMethod), Array)
#3 C:\xampp\htdocs\yii\web\CController.php(309): CInlineAction->runWithParams(Array)
#4 C:\xampp\htdocs\yii\web\CController.php(287): CController->runAction(Object(CInlineAction))
#5 C:\xampp\htdocs\yii\web\CController.php(266): CController->runActionWithFilters(Object(CInlineAction), Array)
#6 C:\xampp\htdocs\yii\web\CWebApplication.php(283): CController->run('about')
#7 C:\xampp\htdocs\yii\web\CWebApplication.php(142): CWebApplication->runController('site/about')
#8 C:\xampp\htdocs\yii\base\CApplication.php(162): CWebApplication->processRequest()
#9 C:\xampp\htdocs\tedxguc\index.php(13): CApplication->run()
#10 {main}
REQUEST_URI=/tedxguc/about/t
---
2013/02/27 22:39:33 [error] [exception.CDbException] exception 'CDbException' with message 'CDbConnection failed to open the DB connection: SQLSTATE[HY000] [2002] A connection attempt failed because the connected party did not properly respond after a period of time, or established connection failed because connected host has failed to respond.
' in D:\xampp\htdocs\yii\db\CDbConnection.php:382
Stack trace:
#0 D:\xampp\htdocs\yii\db\CDbConnection.php(331): CDbConnection->open()
#1 D:\xampp\htdocs\yii\db\CDbConnection.php(309): CDbConnection->setActive(true)
#2 D:\xampp\htdocs\yii\base\CModule.php(388): CDbConnection->init()
#3 D:\xampp\htdocs\yii\base\CModule.php(104): CModule->getComponent('db')
#4 D:\xampp\htdocs\yii\gii\generators\model\ModelCode.php(57): CModule->__get('db')
#5 D:\xampp\htdocs\yii\web\CFormModel.php(40): ModelCode->init()
#6 D:\xampp\htdocs\yii\gii\CCodeGenerator.php(154): CFormModel->__construct()
#7 D:\xampp\htdocs\yii\gii\CCodeGenerator.php(64): CCodeGenerator->prepare()
#8 D:\xampp\htdocs\yii\web\actions\CInlineAction.php(50): CCodeGenerator->actionIndex()
#9 D:\xampp\htdocs\yii\web\CController.php(309): CInlineAction->runWithParams(Array)
#10 D:\xampp\htdocs\yii\web\CController.php(287): CController->runAction(Object(CInlineAction))
#11 D:\xampp\htdocs\yii\web\CController.php(266): CController->runActionWithFilters(Object(CInlineAction), Array)
#12 D:\xampp\htdocs\yii\web\CWebApplication.php(283): CController->run('')
#13 D:\xampp\htdocs\yii\web\CWebApplication.php(142): CWebApplication->runController('gii/model')
#14 D:\xampp\htdocs\yii\base\CApplication.php(162): CWebApplication->processRequest()
#15 D:\xampp\htdocs\tedxguc\index.php(13): CApplication->run()
#16 {main}
REQUEST_URI=/tedxguc/gii/model
HTTP_REFERER=http://localhost/tedxguc/gii/default/index
---
2013/02/27 23:05:37 [error] [exception.CException] exception 'CException' with message 'Property "SpeakerController.page" is not defined.' in D:\xampp\htdocs\yii\base\CComponent.php:131
Stack trace:
#0 D:\xampp\htdocs\tedxguc\protected\views\layouts\column2.php(2): CComponent->__get('page')
#1 D:\xampp\htdocs\yii\web\CBaseController.php(127): require('D:\xampp\htdocs...')
#2 D:\xampp\htdocs\yii\web\CBaseController.php(96): CBaseController->renderInternal('D:\xampp\htdocs...', Array, true)
#3 D:\xampp\htdocs\yii\web\CController.php(785): CBaseController->renderFile('D:\xampp\htdocs...', Array, true)
#4 D:\xampp\htdocs\tedxguc\protected\controllers\SpeakerController.php(89): CController->render('create', Array)
#5 D:\xampp\htdocs\yii\web\actions\CInlineAction.php(50): SpeakerController->actionCreate()
#6 D:\xampp\htdocs\yii\web\CController.php(309): CInlineAction->runWithParams(Array)
#7 D:\xampp\htdocs\yii\web\filters\CFilterChain.php(134): CController->runAction(Object(CInlineAction))
#8 D:\xampp\htdocs\yii\web\filters\CFilter.php(41): CFilterChain->run()
#9 D:\xampp\htdocs\yii\web\CController.php(1146): CFilter->filter(Object(CFilterChain))
#10 D:\xampp\htdocs\yii\web\filters\CInlineFilter.php(59): CController->filterAccessControl(Object(CFilterChain))
#11 D:\xampp\htdocs\yii\web\filters\CFilterChain.php(131): CInlineFilter->filter(Object(CFilterChain))
#12 D:\xampp\htdocs\yii\web\CController.php(292): CFilterChain->run()
#13 D:\xampp\htdocs\yii\web\CController.php(266): CController->runActionWithFilters(Object(CInlineAction), Array)
#14 D:\xampp\htdocs\yii\web\CWebApplication.php(283): CController->run('create')
#15 D:\xampp\htdocs\yii\web\CWebApplication.php(142): CWebApplication->runController('speaker/create')
#16 D:\xampp\htdocs\yii\base\CApplication.php(162): CWebApplication->processRequest()
#17 D:\xampp\htdocs\tedxguc\index.php(13): CApplication->run()
#18 {main}
REQUEST_URI=/tedxguc/speaker/create
HTTP_REFERER=http://localhost/tedxguc/login
---
2013/02/27 23:05:55 [error] [exception.CException] exception 'CException' with message 'Property "SpeakerController.page" is not defined.' in D:\xampp\htdocs\yii\base\CComponent.php:131
Stack trace:
#0 D:\xampp\htdocs\tedxguc\protected\views\layouts\column2.php(2): CComponent->__get('page')
#1 D:\xampp\htdocs\yii\web\CBaseController.php(127): require('D:\xampp\htdocs...')
#2 D:\xampp\htdocs\yii\web\CBaseController.php(96): CBaseController->renderInternal('D:\xampp\htdocs...', Array, true)
#3 D:\xampp\htdocs\yii\web\CController.php(785): CBaseController->renderFile('D:\xampp\htdocs...', Array, true)
#4 D:\xampp\htdocs\tedxguc\protected\controllers\SpeakerController.php(89): CController->render('create', Array)
#5 D:\xampp\htdocs\yii\web\actions\CInlineAction.php(50): SpeakerController->actionCreate()
#6 D:\xampp\htdocs\yii\web\CController.php(309): CInlineAction->runWithParams(Array)
#7 D:\xampp\htdocs\yii\web\filters\CFilterChain.php(134): CController->runAction(Object(CInlineAction))
#8 D:\xampp\htdocs\yii\web\filters\CFilter.php(41): CFilterChain->run()
#9 D:\xampp\htdocs\yii\web\CController.php(1146): CFilter->filter(Object(CFilterChain))
#10 D:\xampp\htdocs\yii\web\filters\CInlineFilter.php(59): CController->filterAccessControl(Object(CFilterChain))
#11 D:\xampp\htdocs\yii\web\filters\CFilterChain.php(131): CInlineFilter->filter(Object(CFilterChain))
#12 D:\xampp\htdocs\yii\web\CController.php(292): CFilterChain->run()
#13 D:\xampp\htdocs\yii\web\CController.php(266): CController->runActionWithFilters(Object(CInlineAction), Array)
#14 D:\xampp\htdocs\yii\web\CWebApplication.php(283): CController->run('create')
#15 D:\xampp\htdocs\yii\web\CWebApplication.php(142): CWebApplication->runController('speaker/create')
#16 D:\xampp\htdocs\yii\base\CApplication.php(162): CWebApplication->processRequest()
#17 D:\xampp\htdocs\tedxguc\index.php(13): CApplication->run()
#18 {main}
REQUEST_URI=/tedxguc/speaker/create
HTTP_REFERER=http://localhost/tedxguc/login
---
2013/02/27 23:06:01 [error] [exception.CException] exception 'CException' with message 'Property "SpeakerController.page" is not defined.' in D:\xampp\htdocs\yii\base\CComponent.php:131
Stack trace:
#0 D:\xampp\htdocs\tedxguc\protected\views\layouts\column2.php(2): CComponent->__get('page')
#1 D:\xampp\htdocs\yii\web\CBaseController.php(127): require('D:\xampp\htdocs...')
#2 D:\xampp\htdocs\yii\web\CBaseController.php(96): CBaseController->renderInternal('D:\xampp\htdocs...', Array, true)
#3 D:\xampp\htdocs\yii\web\CController.php(785): CBaseController->renderFile('D:\xampp\htdocs...', Array, true)
#4 D:\xampp\htdocs\tedxguc\protected\controllers\SpeakerController.php(89): CController->render('create', Array)
#5 D:\xampp\htdocs\yii\web\actions\CInlineAction.php(50): SpeakerController->actionCreate()
#6 D:\xampp\htdocs\yii\web\CController.php(309): CInlineAction->runWithParams(Array)
#7 D:\xampp\htdocs\yii\web\filters\CFilterChain.php(134): CController->runAction(Object(CInlineAction))
#8 D:\xampp\htdocs\yii\web\filters\CFilter.php(41): CFilterChain->run()
#9 D:\xampp\htdocs\yii\web\CController.php(1146): CFilter->filter(Object(CFilterChain))
#10 D:\xampp\htdocs\yii\web\filters\CInlineFilter.php(59): CController->filterAccessControl(Object(CFilterChain))
#11 D:\xampp\htdocs\yii\web\filters\CFilterChain.php(131): CInlineFilter->filter(Object(CFilterChain))
#12 D:\xampp\htdocs\yii\web\CController.php(292): CFilterChain->run()
#13 D:\xampp\htdocs\yii\web\CController.php(266): CController->runActionWithFilters(Object(CInlineAction), Array)
#14 D:\xampp\htdocs\yii\web\CWebApplication.php(283): CController->run('create')
#15 D:\xampp\htdocs\yii\web\CWebApplication.php(142): CWebApplication->runController('speaker/create')
#16 D:\xampp\htdocs\yii\base\CApplication.php(162): CWebApplication->processRequest()
#17 D:\xampp\htdocs\tedxguc\index.php(13): CApplication->run()
#18 {main}
REQUEST_URI=/tedxguc/speaker/create
HTTP_REFERER=http://localhost/tedxguc/login
---
2013/02/27 23:08:13 [error] [exception.CException] exception 'CException' with message 'Property "SpeakerController.fbImage" is not defined.' in D:\xampp\htdocs\yii\base\CComponent.php:131
Stack trace:
#0 D:\xampp\htdocs\tedxguc\protected\views\layouts\main.php(24): CComponent->__get('fbImage')
#1 D:\xampp\htdocs\yii\web\CBaseController.php(127): require('D:\xampp\htdocs...')
#2 D:\xampp\htdocs\yii\web\CBaseController.php(96): CBaseController->renderInternal('D:\xampp\htdocs...', Array, true)
#3 D:\xampp\htdocs\yii\web\widgets\CContentDecorator.php(77): CBaseController->renderFile('D:\xampp\htdocs...', Array, true)
#4 D:\xampp\htdocs\yii\web\widgets\CContentDecorator.php(55): CContentDecorator->decorate('<div id="contai...')
#5 D:\xampp\htdocs\yii\web\widgets\COutputProcessor.php(45): CContentDecorator->processOutput('<div id="contai...')
#6 D:\xampp\htdocs\yii\web\CBaseController.php(207): COutputProcessor->run()
#7 D:\xampp\htdocs\yii\web\CBaseController.php(301): CBaseController->endWidget('CContentDecorat...')
#8 D:\xampp\htdocs\tedxguc\protected\views\layouts\column1.php(108): CBaseController->endContent()
#9 D:\xampp\htdocs\yii\web\CBaseController.php(127): require('D:\xampp\htdocs...')
#10 D:\xampp\htdocs\yii\web\CBaseController.php(96): CBaseController->renderInternal('D:\xampp\htdocs...', Array, true)
#11 D:\xampp\htdocs\yii\web\CController.php(785): CBaseController->renderFile('D:\xampp\htdocs...', Array, true)
#12 D:\xampp\htdocs\tedxguc\protected\controllers\SpeakerController.php(91): CController->render('create', Array)
#13 D:\xampp\htdocs\yii\web\actions\CInlineAction.php(50): SpeakerController->actionCreate()
#14 D:\xampp\htdocs\yii\web\CController.php(309): CInlineAction->runWithParams(Array)
#15 D:\xampp\htdocs\yii\web\filters\CFilterChain.php(134): CController->runAction(Object(CInlineAction))
#16 D:\xampp\htdocs\yii\web\filters\CFilter.php(41): CFilterChain->run()
#17 D:\xampp\htdocs\yii\web\CController.php(1146): CFilter->filter(Object(CFilterChain))
#18 D:\xampp\htdocs\yii\web\filters\CInlineFilter.php(59): CController->filterAccessControl(Object(CFilterChain))
#19 D:\xampp\htdocs\yii\web\filters\CFilterChain.php(131): CInlineFilter->filter(Object(CFilterChain))
#20 D:\xampp\htdocs\yii\web\CController.php(292): CFilterChain->run()
#21 D:\xampp\htdocs\yii\web\CController.php(266): CController->runActionWithFilters(Object(CInlineAction), Array)
#22 D:\xampp\htdocs\yii\web\CWebApplication.php(283): CController->run('create')
#23 D:\xampp\htdocs\yii\web\CWebApplication.php(142): CWebApplication->runController('speaker/create')
#24 D:\xampp\htdocs\yii\base\CApplication.php(162): CWebApplication->processRequest()
#25 D:\xampp\htdocs\tedxguc\index.php(13): CApplication->run()
#26 {main}
REQUEST_URI=/tedxguc/speaker/create
HTTP_REFERER=http://localhost/tedxguc/login
---
2013/02/27 23:14:34 [error] [php] Undefined index: file_types (D:\xampp\htdocs\tedxguc\protected\views\speaker\_form.php:60)
Stack trace:
#0 D:\xampp\htdocs\yii\web\CController.php(870): SpeakerController->renderFile()
#1 D:\xampp\htdocs\tedxguc\protected\views\speaker\create.php(18): SpeakerController->renderPartial()
#2 D:\xampp\htdocs\yii\web\CBaseController.php(127): require()
#3 D:\xampp\htdocs\yii\web\CBaseController.php(96): SpeakerController->renderInternal()
#4 D:\xampp\htdocs\yii\web\CController.php(870): SpeakerController->renderFile()
#5 D:\xampp\htdocs\yii\web\CController.php(783): SpeakerController->renderPartial()
#6 D:\xampp\htdocs\tedxguc\protected\controllers\SpeakerController.php(89): SpeakerController->render()
#7 D:\xampp\htdocs\yii\web\actions\CInlineAction.php(50): SpeakerController->actionCreate()
#8 D:\xampp\htdocs\yii\web\CController.php(309): CInlineAction->runWithParams()
#9 D:\xampp\htdocs\yii\web\filters\CFilterChain.php(134): SpeakerController->runAction()
#10 D:\xampp\htdocs\yii\web\filters\CFilter.php(41): CFilterChain->run()
#11 D:\xampp\htdocs\yii\web\CController.php(1146): CAccessControlFilter->filter()
#12 D:\xampp\htdocs\yii\web\filters\CInlineFilter.php(59): SpeakerController->filterAccessControl()
#13 D:\xampp\htdocs\yii\web\filters\CFilterChain.php(131): CInlineFilter->filter()
#14 D:\xampp\htdocs\yii\web\CController.php(292): CFilterChain->run()
#15 D:\xampp\htdocs\yii\web\CController.php(266): SpeakerController->runActionWithFilters()
#16 D:\xampp\htdocs\yii\web\CWebApplication.php(283): SpeakerController->run()
#17 D:\xampp\htdocs\yii\web\CWebApplication.php(142): CWebApplication->runController()
#18 D:\xampp\htdocs\yii\base\CApplication.php(162): CWebApplication->processRequest()
#19 D:\xampp\htdocs\tedxguc\index.php(13): CWebApplication->run()
REQUEST_URI=/tedxguc/speaker/create
in D:\xampp\htdocs\tedxguc\protected\views\speaker\_form.php (60)
in D:\xampp\htdocs\tedxguc\protected\views\speaker\create.php (18)
in D:\xampp\htdocs\tedxguc\protected\controllers\SpeakerController.php (89)
2013/02/28 10:15:38 [warning] [application] Failed to set unsafe attribute "cv" of "Speaker".
in D:\xampp\htdocs\tedxguc\protected\controllers\SpeakerController.php (72)
in D:\xampp\htdocs\tedxguc\index.php (13)
2013/02/28 10:17:04 [warning] [application] Failed to set unsafe attribute "cv" of "Speaker".
in D:\xampp\htdocs\tedxguc\protected\controllers\SpeakerController.php (72)
in D:\xampp\htdocs\tedxguc\index.php (13)
2013/02/28 10:24:22 [warning] [application] Failed to set unsafe attribute "cv" of "Speaker".
in D:\xampp\htdocs\tedxguc\protected\controllers\SpeakerController.php (72)
in D:\xampp\htdocs\tedxguc\index.php (13)
2013/02/28 10:24:53 [warning] [application] Failed to set unsafe attribute "cv" of "Speaker".
in D:\xampp\htdocs\tedxguc\protected\controllers\SpeakerController.php (72)
in D:\xampp\htdocs\tedxguc\index.php (13)
2013/02/28 10:25:17 [warning] [application] Failed to set unsafe attribute "cv" of "Speaker".
in D:\xampp\htdocs\tedxguc\protected\controllers\SpeakerController.php (72)
in D:\xampp\htdocs\tedxguc\index.php (13)
2013/02/28 10:28:10 [warning] [application] Failed to set unsafe attribute "cv" of "Speaker".
in D:\xampp\htdocs\tedxguc\protected\controllers\SpeakerController.php (72)
in D:\xampp\htdocs\tedxguc\index.php (13)
2013/02/28 10:28:55 [warning] [application] Failed to set unsafe attribute "cv" of "Speaker".
in D:\xampp\htdocs\tedxguc\protected\controllers\SpeakerController.php (72)
in D:\xampp\htdocs\tedxguc\index.php (13)
2013/02/28 10:30:32 [warning] [application] Failed to set unsafe attribute "cv" of "Speaker".
in D:\xampp\htdocs\tedxguc\protected\controllers\SpeakerController.php (72)
in D:\xampp\htdocs\tedxguc\index.php (13)
2013/02/28 10:32:22 [warning] [application] Failed to set unsafe attribute "cv" of "Speaker".
in D:\xampp\htdocs\tedxguc\protected\controllers\SpeakerController.php (72)
in D:\xampp\htdocs\tedxguc\index.php (13)
2013/02/28 10:32:55 [warning] [application] Failed to set unsafe attribute "cv" of "Speaker".
in D:\xampp\htdocs\tedxguc\protected\controllers\SpeakerController.php (72)
in D:\xampp\htdocs\tedxguc\index.php (13)
2013/03/01 17:32:29 [warning] [application] Failed to set unsafe attribute "cv" of "Speaker".
in D:\xampp\htdocs\tedxguc\protected\controllers\SpeakerController.php (73)
in D:\xampp\htdocs\tedxguc\index.php (13)
2013/03/01 17:33:50 [warning] [application] Failed to set unsafe attribute "cv" of "Speaker".
in D:\xampp\htdocs\tedxguc\protected\controllers\SpeakerController.php (73)
in D:\xampp\htdocs\tedxguc\index.php (13)
2013/03/01 17:34:05 [warning] [application] Failed to set unsafe attribute "cv" of "Speaker".
in D:\xampp\htdocs\tedxguc\protected\controllers\SpeakerController.php (73)
in D:\xampp\htdocs\tedxguc\index.php (13)
2013/03/01 17:38:52 [warning] [application] Failed to set unsafe attribute "cv" of "Speaker".
in D:\xampp\htdocs\tedxguc\protected\controllers\SpeakerController.php (73)
in D:\xampp\htdocs\tedxguc\index.php (13)
2013/03/01 17:42:09 [warning] [application] Failed to set unsafe attribute "cv" of "Speaker".
in D:\xampp\htdocs\tedxguc\protected\controllers\SpeakerController.php (73)
in D:\xampp\htdocs\tedxguc\index.php (13)
2013/03/03 20:07:18 [error] [exception.CHttpException.400] exception 'CHttpException' with message 'Your request is invalid.' in D:\xampp\htdocs\yii\web\CController.php:337
Stack trace:
#0 D:\xampp\htdocs\yii\web\CController.php(310): CController->invalidActionParams(Object(CInlineAction))
#1 D:\xampp\htdocs\yii\web\filters\CFilterChain.php(134): CController->runAction(Object(CInlineAction))
#2 D:\xampp\htdocs\yii\web\filters\CFilter.php(41): CFilterChain->run()
#3 D:\xampp\htdocs\yii\web\CController.php(1146): CFilter->filter(Object(CFilterChain))
#4 D:\xampp\htdocs\yii\web\filters\CInlineFilter.php(59): CController->filterAccessControl(Object(CFilterChain))
#5 D:\xampp\htdocs\yii\web\filters\CFilterChain.php(131): CInlineFilter->filter(Object(CFilterChain))
#6 D:\xampp\htdocs\yii\web\CController.php(292): CFilterChain->run()
#7 D:\xampp\htdocs\yii\web\CController.php(266): CController->runActionWithFilters(Object(CInlineAction), Array)
#8 D:\xampp\htdocs\yii\web\CWebApplication.php(283): CController->run('complete')
#9 D:\xampp\htdocs\yii\web\CWebApplication.php(142): CWebApplication->runController('speaker/complet...')
#10 D:\xampp\htdocs\yii\base\CApplication.php(162): CWebApplication->processRequest()
#11 D:\xampp\htdocs\tedxguc\index.php(13): CApplication->run()
#12 {main}
REQUEST_URI=/tedxguc/speaker/complete
---
2013/03/03 20:13:14 [error] [exception.CHttpException.404] exception 'CHttpException' with message 'The requested page does not exist.' in D:\xampp\htdocs\tedxguc\protected\controllers\SpeakerController.php:231
Stack trace:
#0 D:\xampp\htdocs\tedxguc\protected\controllers\SpeakerController.php(67): SpeakerController->loadModel('10')
#1 [internal function]: SpeakerController->actionComplete('10')
#2 D:\xampp\htdocs\yii\web\actions\CAction.php(107): ReflectionMethod->invokeArgs(Object(SpeakerController), Array)
#3 D:\xampp\htdocs\yii\web\actions\CInlineAction.php(48): CAction->runWithParamsInternal(Object(SpeakerController), Object(ReflectionMethod), Array)
#4 D:\xampp\htdocs\yii\web\CController.php(309): CInlineAction->runWithParams(Array)
#5 D:\xampp\htdocs\yii\web\filters\CFilterChain.php(134): CController->runAction(Object(CInlineAction))
#6 D:\xampp\htdocs\yii\web\filters\CFilter.php(41): CFilterChain->run()
#7 D:\xampp\htdocs\yii\web\CController.php(1146): CFilter->filter(Object(CFilterChain))
#8 D:\xampp\htdocs\yii\web\filters\CInlineFilter.php(59): CController->filterAccessControl(Object(CFilterChain))
#9 D:\xampp\htdocs\yii\web\filters\CFilterChain.php(131): CInlineFilter->filter(Object(CFilterChain))
#10 D:\xampp\htdocs\yii\web\CController.php(292): CFilterChain->run()
#11 D:\xampp\htdocs\yii\web\CController.php(266): CController->runActionWithFilters(Object(CInlineAction), Array)
#12 D:\xampp\htdocs\yii\web\CWebApplication.php(283): CController->run('complete')
#13 D:\xampp\htdocs\yii\web\CWebApplication.php(142): CWebApplication->runController('speaker/complet...')
#14 D:\xampp\htdocs\yii\base\CApplication.php(162): CWebApplication->processRequest()
#15 D:\xampp\htdocs\tedxguc\index.php(13): CApplication->run()
#16 {main}
REQUEST_URI=/tedxguc/speaker/complete/10
---
